  AckRange.cpp
  Yarn.cpp
  DeliveryNotificationManager.cpp
  Engine.cpp
  GameObjectRegistry.cpp
  InFlightPacket.cpp
  InputState.cpp
  MemoryBitStream.cpp
  Move.cpp
  MoveList.cpp
  NetworkManager.cpp
  RoboMath.cpp
  ScoreBoardManager.cpp
  RoboCat.cpp
  SocketAddress.cpp
  SocketAddressFactory.cpp
  SocketUtil.cpp
  StringUtils.cpp
C:\Year Two\Metaverse\Term 2\MultiplayerBookFork\Chapter 8\RoboCatAction\RoboCat\Src\SocketUtil.cpp(90,102): warning C4100: 'ioNaxNfds': unreferenced formal parameter
  TCPSocket.cpp
  Timing.cpp
  Compiling...
  GameObject.cpp
  Mouse.cpp
  RoboCatPCH.cpp
  UDPSocket.cpp
  World.cpp
  RoboCat.vcxproj -> C:\Year Two\Metaverse\Term 2\MultiplayerBookFork\Chapter 8\RoboCatAction\Release\RoboCat.lib
