  RoboCatServerPCH.cpp
  YarnServer.cpp
  ClientProxy.cpp
  ReplicationManagerServer.cpp
  ReplicationManagerTransmissionData.cpp
  Server.cpp
  ServerMain.cpp
  NetworkManagerServer.cpp
  RoboCatServer.cpp
  MouseServer.cpp
  Generating code
  Previous IPDB was built with incompatible compiler, fall back to full compilation.
  All 2345 functions were compiled because no usable IPDB/IOBJ from previous compilation was found.
  Finished generating code
  RoboCatServer.vcxproj -> C:\Year Two\Metaverse\Term 2\MultiplayerBookFork\Chapter 8\RoboCatAction\Release\RoboCatServer.exe
  Copying SDL DLLs...
  C:\Year Two\Metaverse\Term 2\MultiplayerBookFork\Chapter 8\RoboCatAction\RoboCatServer\\..\SDL\lib\win\x86\libfreetype-6.dll
  C:\Year Two\Metaverse\Term 2\MultiplayerBookFork\Chapter 8\RoboCatAction\RoboCatServer\\..\SDL\lib\win\x86\libogg-0.dll
  C:\Year Two\Metaverse\Term 2\MultiplayerBookFork\Chapter 8\RoboCatAction\RoboCatServer\\..\SDL\lib\win\x86\libpng16-16.dll
  C:\Year Two\Metaverse\Term 2\MultiplayerBookFork\Chapter 8\RoboCatAction\RoboCatServer\\..\SDL\lib\win\x86\libvorbis-0.dll
  C:\Year Two\Metaverse\Term 2\MultiplayerBookFork\Chapter 8\RoboCatAction\RoboCatServer\\..\SDL\lib\win\x86\libvorbisfile-3.dll
  C:\Year Two\Metaverse\Term 2\MultiplayerBookFork\Chapter 8\RoboCatAction\RoboCatServer\\..\SDL\lib\win\x86\SDL2.dll
  C:\Year Two\Metaverse\Term 2\MultiplayerBookFork\Chapter 8\RoboCatAction\RoboCatServer\\..\SDL\lib\win\x86\SDL2_image.dll
  C:\Year Two\Metaverse\Term 2\MultiplayerBookFork\Chapter 8\RoboCatAction\RoboCatServer\\..\SDL\lib\win\x86\SDL2_mixer.dll
  C:\Year Two\Metaverse\Term 2\MultiplayerBookFork\Chapter 8\RoboCatAction\RoboCatServer\\..\SDL\lib\win\x86\SDL2_ttf.dll
  C:\Year Two\Metaverse\Term 2\MultiplayerBookFork\Chapter 8\RoboCatAction\RoboCatServer\\..\SDL\lib\win\x86\zlib1.dll
  10 File(s) copied
